[20:07:45] [Client thread/INFO]: Setting user: Omena0MC
[20:07:48] [Client thread/INFO]: LWJGL Version: 2.9.4
[20:07:50] [Client thread/INFO]: Reloading ResourceManager: Default
[20:07:51] [Sound Library Loader/INFO]: Starting up SoundSystem...
[20:07:51] [Thread-2/INFO]: Initializing LWJGL OpenAL
[20:07:51] [Thread-2/INFO]: (The LWJGL binding of OpenAL.  For more information, see http://www.lwjgl.org)
[20:07:52] [Thread-2/INFO]: OpenAL initialized.
[20:07:52] [Sound Library Loader/INFO]: Sound engine started
[20:07:56] [Client thread/INFO]: Created: 1024x512 textures-atlas
[20:07:58] [Client thread/INFO]: Narrator library for x64 successfully loaded
[20:07:59] [Client thread/INFO]: Connecting to mc.hypixel.net, 25565
[20:08:03] [Client thread/INFO]: [CHAT]                                      
[20:08:03] [Client thread/INFO]: [CHAT]                          
[20:08:03] [Client thread/INFO]: [CHAT] §aYou have §b1 §aunclaimed leveling reward!
[20:08:03] [Client thread/INFO]: [CHAT] §eClick here to view it!
[20:08:32] [Client thread/INFO]: [CHAT] §b[MVP§f+§b] Sleevpymybestie§f §6joined the lobby!
[20:08:40] [Client thread/INFO]: [CHAT] You claimed your 2 One Hour 2.0x Booster reward!
[20:08:42] [Client thread/INFO]: [CHAT] ✦ Lynx_Ivan found a ✰✰✰✰✰ Mystery Box!
[20:08:43] [Client thread/INFO]: [CHAT] §b[MVP§3+§b] jh3jih3jkj2§f §6joined the lobby!
[20:08:44] [Client thread/INFO]: [CHAT] §b[MVP§c+§b] Pul§f §6joined the lobby!
[20:08:45] [Client thread/INFO]: [CHAT]  §b>§c>§a>§r §6[MVP§0++§6] zvoh§f §6joined the lobby! §a<§c<§b<
[20:08:47] [Client thread/WARN]: Unable to play unknown soundEvent: minecraft:
[20:08:50] [Client thread/INFO]: [CHAT] §b[MVP§0+§b] Thecrazypudding§f §6joined the lobby!
[20:08:51] [Client thread/INFO]: [CHAT]  §b>§c>§a>§r §6[MVP§0++§6] SolyTerre_§f §6joined the lobby! §a<§c<§b<
[20:08:56] [Client thread/WARN]: Received passengers for unknown entity
[20:08:57] [Client thread/WARN]: Received passengers for unknown entity
[20:08:59] [Client thread/INFO]: [CHAT] §b[MVP§c+§b] Adiloveselfie§f §6joined the lobby!
[20:09:00] [Client thread/WARN]: Received passengers for unknown entity
[20:09:03] [Client thread/WARN]: Received passengers for unknown entity
[20:09:03] [Client thread/INFO]: [CHAT]  §b>§c>§a>§r §6[MVP§9++§6] swiv§f §6joined the lobby! §a<§c<§b<
[20:09:07] [Client thread/INFO]: [CHAT]  §b>§c>§a>§r §6[MVP§0++§6] anselowo§f §6joined the lobby! §a<§c<§b<
[20:09:14] [Client thread/INFO]: [CHAT] §b[MVP§c+§b] itisit69§f §6joined the lobby!
[20:09:16] [Client thread/INFO]: [CHAT] §b[MVP§2+§b] JBMN§f §6joined the lobby!
[20:09:16] [Client thread/INFO]: [CHAT] ✦ [VIP+] nigerian_ape found an Epic Future-Tech Theme (Housing) in a Mystery Box!
[20:09:19] [Client thread/INFO]: [CHAT] §b[MVP§e+§b] Schnuddel§f §6joined the lobby!
[20:09:26] [Client thread/INFO]: [CHAT] ✦ sosnovitch found a ✰✰✰✰✰ Mystery Box!
[20:09:27] [Client thread/INFO]: [CHAT]  §b>§c>§a>§r §6[MVP§5++§6] TheShadowJames§f §6joined the lobby! §a<§c<§b<
[20:09:31] [Client thread/INFO]: [CHAT] §b[MVP§a+§b] zDarkGh0stX§f §6joined the lobby!
[20:09:36] [Client thread/INFO]: [CHAT] §b[MVP§c+§b] E_ray0617§f §6joined the lobby!
[20:09:43] [Client thread/INFO]: [CHAT] §b[MVP§6+§b] Abby053_§f §6joined the lobby!
[20:09:44] [Client thread/INFO]: [CHAT] §b[MVP§d+§b] IPanda2§f §6joined the lobby!
[20:09:52] [Client thread/INFO]: [CHAT] §b[MVP§d+§b] LesevenYT§f §6joined the lobby!
[20:09:55] [Client thread/INFO]: [CHAT] §b[MVP§a+§b] Deeseisku§f §6joined the lobby!
[20:10:02] [Client thread/INFO]: [CHAT] §b[MVP§c+§b] VKj§f §6joined the lobby!
[20:10:03] [Client thread/INFO]: [CHAT] §b[MVP§2+§b] 3bso§f §6joined the lobby!
[20:10:11] [Client thread/INFO]: [CHAT] §b[MVP§c+§b] SeanMc017§f §6joined the lobby!
[20:10:14] [Client thread/INFO]: [CHAT] §b[MVP§a+§b] ofzx§f §6joined the lobby!
[20:10:15] [Client thread/INFO]: [CHAT] ✦ [VIP] qeact found a ✰✰✰✰✰ Mystery Box!
[20:10:20] [Client thread/INFO]: [CHAT] §b[MVP§2+§b] LegoMaster_TG§f §6joined the lobby!
[20:10:20] [Client thread/INFO]: [CHAT] §b[MVP§5+§b] Spelz§f §6joined the lobby!
[20:10:23] [Client thread/INFO]: [CHAT] ✦ vccntte found a ✰✰✰✰✰ Mystery Box!
[20:10:27] [Client thread/INFO]: [CHAT]  §b>§c>§a>§r §6[MVP§9++§6] xMrq§f §6joined the lobby! §a<§c<§b<
[20:10:28] [Client thread/INFO]: [CHAT]  §b>§c>§a>§r §6[MVP§8++§6] CharlieH37§f §6joined the lobby! §a<§c<§b<
[20:10:28] [Client thread/INFO]: [CHAT]  §b>§c>§a>§r §6[MVP§9++§6] Mevny§f §6joined the lobby! §a<§c<§b<
[20:10:31] [Client thread/INFO]: [CHAT] §b[MVP§d+§b] v4tz_§f §6joined the lobby!
[20:10:32] [Client thread/INFO]: [CHAT] §b[MVP§c+§b] Gamoly§f §6joined the lobby!
[20:10:34] [Client thread/INFO]: [CHAT] §b[MVP§d+§b] Needle_XD§f §6joined the lobby!
[20:10:35] [Client thread/INFO]: [CHAT] §f[115✫] §b[MVP§d+§b] v4tz_§f: 3/4 4v4
[20:10:37] [Client thread/INFO]: [CHAT] §f[115✫] §b[MVP§d+§b] v4tz_§f: 3/4 4v4////
[20:10:39] [Client thread/INFO]: [CHAT] §b[MVP§6+§b] FlopperyFish§f §6joined the lobby!
[20:10:41] [Client thread/INFO]: [CHAT] §b[MVP§6+§b] JTD_64§f §6joined the lobby!
[20:10:45] [Client thread/INFO]: [CHAT] §b[MVP§d+§b] vifz§f §6joined the lobby!
[20:10:51] [Client thread/INFO]: [CHAT] §b[MVP§c+§b] Milan_2010§f §6joined the lobby!
[20:10:51] [Client thread/INFO]: [CHAT] ✦ relishyoo found a ✰✰✰✰✰ Mystery Box!
[20:10:53] [Client thread/INFO]: [CHAT] §b[MVP§6+§b] kqiis§f §6joined the lobby!
[20:10:56] [Client thread/INFO]: [CHAT] §b[MVP§d+§b] GodofRizzz§f §6joined the lobby!
[20:11:17] [Client thread/INFO]: Stopping!
[20:11:17] [Client thread/INFO]: SoundSystem shutting down...
[20:11:17] [Client thread/WARN]: Author: Paul Lamb, www.paulscode.com
